<?xml version="1.0" encoding="UTF-8"?>
<testng-results ignored="0" total="2" passed="1" failed="1" skipped="0">
  <reporter-output>
  </reporter-output>
  <suite started-at="2023-05-31T00:08:32 IST" name="Suite" finished-at="2023-05-31T00:08:40 IST" duration-ms="7729">
    <groups>
    </groups>
    <test started-at="2023-05-31T00:08:32 IST" name="Test1" finished-at="2023-05-31T00:08:33 IST" duration-ms="80">
      <class name="TestNG.ToverifyGoogleInChromeAndEdge">
        <test-method signature="ToverifyGoogle(java.lang.String)[pri:0, instance:TestNG.ToverifyGoogleInChromeAndEdge@34f5090e]" started-at="2023-05-31T00:08:32 IST" name="ToverifyGoogle" finished-at="2023-05-31T00:08:32 IST" duration-ms="12" status="FAIL">
          <params>
            <param index="0">
              <value>
                <![CDATA[chrome]]>
              </value>
            </param>
          </params>
          <exception class="java.lang.NullPointerException">
            <message>
              <![CDATA[Cannot invoke "org.openqa.selenium.WebDriver.manage()" because "this.driver" is null]]>
            </message>
            <full-stacktrace>
              <![CDATA[java.lang.NullPointerException: Cannot invoke "org.openqa.selenium.WebDriver.manage()" because "this.driver" is null
at TestNG.ToverifyGoogleInChromeAndEdge.ToverifyGoogle(ToverifyGoogleInChromeAndEdge.java:26)
at java.base/jdk.internal.reflect.NativeMethodAccessorImpl.invoke0(Native Method)
at java.base/jdk.internal.reflect.NativeMethodAccessorImpl.invoke(NativeMethodAccessorImpl.java:78)
at java.base/jdk.internal.reflect.DelegatingMethodAccessorImpl.invoke(DelegatingMethodAccessorImpl.java:43)
at java.base/java.lang.reflect.Method.invoke(Method.java:567)
at org.testng.internal.MethodInvocationHelper.invokeMethod(MethodInvocationHelper.java:133)
at org.testng.internal.TestInvoker.invokeMethod(TestInvoker.java:598)
at org.testng.internal.TestInvoker.invokeTestMethod(TestInvoker.java:173)
at org.testng.internal.MethodRunner.runInSequence(MethodRunner.java:46)
at org.testng.internal.TestInvoker$MethodInvocationAgent.invoke(TestInvoker.java:824)
at org.testng.internal.TestInvoker.invokeTestMethods(TestInvoker.java:146)
at org.testng.internal.TestMethodWorker.invokeTestMethods(TestMethodWorker.java:146)
at org.testng.internal.TestMethodWorker.run(TestMethodWorker.java:128)
at java.base/java.util.ArrayList.forEach(ArrayList.java:1511)
at org.testng.TestRunner.privateRun(TestRunner.java:794)
at org.testng.TestRunner.run(TestRunner.java:596)
at org.testng.SuiteRunner.runTest(SuiteRunner.java:377)
at org.testng.SuiteRunner.access$000(SuiteRunner.java:28)
at org.testng.SuiteRunner$SuiteWorker.run(SuiteRunner.java:418)
at org.testng.internal.thread.ThreadUtil.lambda$execute$0(ThreadUtil.java:64)
at java.base/java.util.concurrent.FutureTask.run(FutureTask.java:264)
at java.base/java.util.concurrent.ThreadPoolExecutor.runWorker(ThreadPoolExecutor.java:1130)
at java.base/java.util.concurrent.ThreadPoolExecutor$Worker.run(ThreadPoolExecutor.java:630)
at java.base/java.lang.Thread.run(Thread.java:831)
]]>
            </full-stacktrace>
          </exception> <!-- java.lang.NullPointerException -->
          <reporter-output>
          </reporter-output>
        </test-method> <!-- ToverifyGoogle -->
      </class> <!-- TestNG.ToverifyGoogleInChromeAndEdge -->
    </test> <!-- Test1 -->
    <test started-at="2023-05-31T00:08:32 IST" name="Test2" finished-at="2023-05-31T00:08:40 IST" duration-ms="7729">
      <class name="TestNG.ToverifyGoogleInChromeAndEdge">
        <test-method signature="ToverifyGoogle(java.lang.String)[pri:0, instance:TestNG.ToverifyGoogleInChromeAndEdge@1da2cb77]" started-at="2023-05-31T00:08:32 IST" name="ToverifyGoogle" finished-at="2023-05-31T00:08:40 IST" duration-ms="7674" status="PASS">
          <params>
            <param index="0">
              <value>
                <![CDATA[edge]]>
              </value>
            </param>
          </params>
          <reporter-output>
          </reporter-output>
        </test-method> <!-- ToverifyGoogle -->
      </class> <!-- TestNG.ToverifyGoogleInChromeAndEdge -->
    </test> <!-- Test2 -->
  </suite> <!-- Suite -->
</testng-results>
